<?xml version="1.0" encoding="UTF-8"?>
<testsuites>
  <testsuite name="application/tests" tests="1" assertions="0" errors="1" failures="0" skipped="0" time="0.000000">
    <testsuite name="Application\Framework\Tests\VKTest" file="E:\PHP\vkapi\application\tests\VKTest.php" tests="1" assertions="0" errors="1" failures="0" skipped="0" time="0.000000">
      <testcase name="Application\Framework\Tests\VKTest" time="0.000000">
        <error type="Facebook\WebDriver\Exception\WebDriverCurlException">Application\Framework\Tests\VKTest
Facebook\WebDriver\Exception\WebDriverCurlException: Curl error thrown for http POST to /session with params: {"desiredCapabilities":{"browserName":"chrome","platform":"ANY"}}

&lt;url&gt; malformed

E:\PHP\vkapi\vendor\facebook\webdriver\lib\Remote\HttpCommandExecutor.php:286
E:\PHP\vkapi\vendor\facebook\webdriver\lib\Remote\RemoteWebDriver.php:126
E:\PHP\vkapi\application\framework\Chrome.php:18
E:\PHP\vkapi\application\framework\Browser.php:32
E:\PHP\vkapi\application\framework\baseTest.php:22
E:\PHP\vkapi\application\framework\baseTest.php:30
</error>
      </testcase>
    </testsuite>
  </testsuite>
</testsuites>
